<?xml version="1.0" encoding="UTF-8"?>
<testsuite xmlns:xsi="http://www.w3.org/2001/XMLSchema-instance" xsi:noNamespaceSchemaLocation="https://maven.apache.org/surefire/maven-surefire-plugin/xsd/surefire-test-report-3.0.xsd" version="3.0" name="InvoiceServiceTest" time="0.467" tests="1" errors="1" skipped="0" failures="0">
  <properties>
[...]
</properties>
  <testcase name="validInvoiceWithSupportedCurrency" classname="InvoiceServiceTest" time="0.439">
    <error message="The currency BIDFIO is invalid or unsupported." type="io.github.aks.nowpayment.exceptions.InvalidCurrencyException"><![CDATA[io.github.aks.nowpayment.exceptions.InvalidCurrencyException: The currency BIDFIO is invalid or unsupported.
	at io.github.aks.nowpayment.util.Tickers.validCurrency(Tickers.java:22)
	at io.github.aks.nowpayment.service.InvoiceService.createInvoice(InvoiceService.java:22)
	at InvoiceServiceTest.validInvoiceWithSupportedCurrency(InvoiceServiceTest.java:22)
	at java.base/java.lang.reflect.Method.invoke(Method.java:580)
	at java.base/java.util.ArrayList.forEach(ArrayList.java:1597)
	at java.base/java.util.ArrayList.forEach(ArrayList.java:1597)
]]></error>
  </testcase>
</testsuite>